<?xml version="1.0" encoding="UTF-8"?>
<robot generator="Robot 7.0 (Python 3.11.4 on win32)" generated="2024-01-29T14:58:19.854489" rpa="false" schemaversion="5">
<suite id="s1" name="testCase" source="d:\my_work\code\python\64021700Quiz\testCase.robot">
<kw name="Open Browser" owner="SeleniumLibrary" type="SETUP">
<msg time="2024-01-29T14:58:20.121333" level="INFO">Opening browser 'firefox' to base url 'https://automationexercise.com/'.</msg>
<arg>https://automationexercise.com/</arg>
<doc>Opens a new browser instance to the optional ``url``.</doc>
<status status="PASS" start="2024-01-29T14:58:20.121333" elapsed="9.075337"/>
</kw>
<test id="s1-t1" name="Verify Product quantity in Cart" line="29">
<kw name="Click Element" owner="SeleniumLibrary">
<msg time="2024-01-29T14:58:29.198673" level="INFO">Clicking element '/html/body/div/div/div[1]/div[1]/div/svg'.</msg>
<msg time="2024-01-29T14:58:29.387744" level="INFO" html="true">&lt;/td&gt;&lt;/tr&gt;&lt;tr&gt;&lt;td colspan="3"&gt;&lt;a href="selenium-screenshot-5.png"&gt;&lt;img src="selenium-screenshot-5.png" width="800px"&gt;&lt;/a&gt;</msg>
<msg time="2024-01-29T14:58:29.387744" level="FAIL">Element with locator '/html/body/div/div/div[1]/div[1]/div/svg' not found.</msg>
<arg>/html/body/div/div/div[1]/div[1]/div/svg</arg>
<doc>Click the element identified by ``locator``.</doc>
<status status="FAIL" start="2024-01-29T14:58:29.197684" elapsed="0.195023">Element with locator '/html/body/div/div/div[1]/div[1]/div/svg' not found.</status>
</kw>
<kw name="Verify that home page">
<status status="NOT RUN" start="2024-01-29T14:58:29.397016" elapsed="0.000000"/>
</kw>
<kw name="CLICK VIEW PRODUCT">
<status status="NOT RUN" start="2024-01-29T14:58:29.398587" elapsed="0.000000"/>
</kw>
<kw name="Verify product detail">
<status status="NOT RUN" start="2024-01-29T14:58:29.399899" elapsed="0.001029"/>
</kw>
<kw name="CLOSE POPUP">
<status status="NOT RUN" start="2024-01-29T14:58:29.403202" elapsed="0.001008"/>
</kw>
<kw name="INPUT NUMBER PRODUCT">
<arg>${NAME_PRODUCT_SELECT}</arg>
<status status="NOT RUN" start="2024-01-29T14:58:29.405197" elapsed="0.000000"/>
</kw>
<doc>testcase Verify Product quantity in Cart</doc>
<status status="FAIL" start="2024-01-29T14:58:29.196670" elapsed="0.211014">Element with locator '/html/body/div/div/div[1]/div[1]/div/svg' not found.</status>
</test>
<doc>test case 13 Verify Product quantity in Cart</doc>
<status status="FAIL" start="2024-01-29T14:58:19.863951" elapsed="9.550492"/>
</suite>
<statistics>
<total>
<stat pass="0" fail="1" skip="0">All Tests</stat>
</total>
<tag>
</tag>
<suite>
<stat pass="0" fail="1" skip="0" id="s1" name="testCase">testCase</stat>
</suite>
</statistics>
<errors>
</errors>
</robot>
